<testsuite name="Mocha Tests" tests="1" failures="0" errors="0" skipped="0" timestamp="Thu, 12 Sep 2019 08:15:34 GMT" time="0.096">
<testcase classname="" name="Response from 3000 port CICD" time="0.081"/>
</testsuite>
