<testsuite name="Mocha Tests" tests="1" failures="0" errors="0" skipped="0" timestamp="Thu, 12 Sep 2019 09:45:29 GMT" time="0.062">
<testcase classname="" name="Response from 3000 port CICD" time="0.038"/>
</testsuite>
