<testsuite name="Mocha Tests" tests="1" failures="0" errors="0" skipped="0" timestamp="Thu, 12 Sep 2019 10:18:49 GMT" time="0.043">
<testcase classname="" name="Response from 3000 port CICD" time="0.026"/>
</testsuite>
